Unused files (50)
.astro/content-assets.mjs                          
.astro/content-modules.mjs                         
src/components/blog/Grid.astro                     
src/components/blog/GridItem.astro                 
src/components/blog/Headline.astro                 
src/components/blog/List.astro                     
src/components/blog/ListItem.astro                 
src/components/blog/Pagination.astro               
src/components/blog/RelatedPosts.astro             
src/components/blog/SinglePost.astro               
src/components/blog/Tags.astro                     
src/components/blog/ToBlogLink.astro               
src/components/common/Image.astro                  
src/components/common/SocialShare.astro            
src/components/common/SplitbeeAnalytics.astro      
src/components/ui/Background.astro                 
src/components/ui/DListItem.astro                  
src/components/ui/Form.astro                       
src/components/ui/Headline.astro                   
src/components/ui/ItemGrid.astro                   
src/components/ui/ItemGrid2.astro                  
src/components/ui/Timeline.astro                   
src/components/ui/WidgetWrapper.astro              
src/components/widgets/BlogHighlightedPosts.astro  
src/components/widgets/BlogLatestPosts.astro       
src/components/widgets/Brands.astro                
src/components/widgets/CallToAction.astro          
src/components/widgets/Contact.astro               
src/components/widgets/Content.astro               
src/components/widgets/FAQs.astro                  
src/components/widgets/Features.astro              
src/components/widgets/Features2.astro             
src/components/widgets/Features3.astro             
src/components/widgets/Hero.astro                  
src/components/widgets/Hero2.astro                 
src/components/widgets/HeroText.astro              
src/components/widgets/Note.astro                  
src/components/widgets/Pricing.astro               
src/components/widgets/SchoolInfo.astro            
src/components/widgets/Stats.astro                 
src/components/widgets/Steps.astro                 
src/components/widgets/Steps2.astro                
src/components/widgets/Testimonials.astro          
src/layouts/LandingLayout.astro                    
src/layouts/MarkdownLayout.astro                   
src/utils/directories.ts                           
src/utils/frontmatter.ts                           
vendor/integration/index.ts                        
vendor/integration/utils/configBuilder.ts          
vendor/integration/utils/loadConfig.ts             
Unused dependencies (3)
@astrojs/react    package.json:24:6
@astrojs/sitemap  package.json:26:6
react-dom         package.json:37:6
Unlisted dependencies (13)
astrowind    src/components/common/Analytics.astro:2:27       
astrowind    src/components/common/ApplyColorMode.astro:1:20  
astrowind    src/components/common/BasicScripts.astro:1:20    
astrowind    src/components/common/Metadata.astro:4:38        
astrowind    src/components/common/SiteVerification.astro:1:22
astrowind    src/components/common/ToggleTheme.astro:2:20     
astrowind    src/components/seo/LocalBusinessJsonLd.astro:1:22
vite/client  src/env.d.ts:4:24                                
astrowind    src/layouts/Layout.astro:2:22                    
astrowind    src/pages/rss.xml.ts:3:42                        
astrowind    src/utils/blog.ts:5:26                           
astrowind    src/utils/permalinks.ts:3:32                     
astrowind    src/utils/utils.ts:1:22                          
Unused exports (28)
isBlogEnabled                         src/utils/blog.ts:117:14               
isRelatedPostsEnabled                 src/utils/blog.ts:118:14               
isBlogListRouteEnabled                src/utils/blog.ts:119:14               
isBlogPostRouteEnabled                src/utils/blog.ts:120:14               
isBlogCategoryRouteEnabled            src/utils/blog.ts:121:14               
isBlogTagRouteEnabled                 src/utils/blog.ts:122:14               
blogListRobots                        src/utils/blog.ts:124:14               
blogPostRobots                        src/utils/blog.ts:125:14               
blogCategoryRobots                    src/utils/blog.ts:126:14               
blogTagRobots                         src/utils/blog.ts:127:14               
blogPostsPerPage                      src/utils/blog.ts:129:14               
findPostsBySlugs                      src/utils/blog.ts:141:14               
findPostsByIds                        src/utils/blog.ts:155:14               
findLatestPosts                       src/utils/blog.ts:169:14               
getStaticPathsBlogList                src/utils/blog.ts:177:14               
getStaticPathsBlogPost                src/utils/blog.ts:186:14               
getStaticPathsBlogCategory            src/utils/blog.ts:197:14               
getStaticPathsBlogTag                 src/utils/blog.ts:221:14               
getRelatedPosts             function  src/utils/blog.ts:247:23               
getSizes                              src/utils/images-optimization.ts:88:14 
getImagesOptimized          function  src/utils/images-optimization.ts:275:23
fetchLocalImages                      src/utils/images.ts:22:14              
findImage                             src/utils/images.ts:28:14              
getBlogPermalink                      src/utils/permalinks.ts:105:14         
applyGetPermalinks                    src/utils/permalinks.ts:119:14         
formatter                             src/utils/utils.ts:3:14                
getFormattedDate                      src/utils/utils.ts:10:14               
toUiAmount                            src/utils/utils.ts:21:14               
Unused exported types (3)
GAEventParams  type       src/utils/ga4.ts:4:13                
ImageProps     interface  src/utils/images-optimization.ts:9:18
MetaEventName  type       src/utils/metaPixel.ts:2:13          
